[07-Dec-2025 18:40:33 Asia/Kolkata] Draft image not found for deletion: uploads/drafts/car_photo_1764952753_c1485514.jpg
[07-Dec-2025 18:40:33 Asia/Kolkata] Draft image not found for deletion: uploads/drafts/car_image_front_1765019606_d09e31a0.jpg
[07-Dec-2025 18:40:33 Asia/Kolkata] Draft image not found for deletion: uploads/drafts/car_image_back_1765019610_5c876e62.jpg
[07-Dec-2025 18:40:33 Asia/Kolkata] Draft image not found for deletion: uploads/drafts/car_image_driver_side_1765019617_d73818f8.jpg
[07-Dec-2025 18:40:33 Asia/Kolkata] Draft image not found for deletion: uploads/drafts/car_image_passenger_side_1765019620_8de37081.jpg
[07-Dec-2025 18:40:33 Asia/Kolkata] Draft image not found for deletion: uploads/drafts/car_image_dashboard_1765019625_acbbeddb.jpg
[07-Dec-2025 18:40:33 Asia/Kolkata] Draft image not found for deletion: uploads/drafts/car_km_photo_1765020673_1e577041.jpg
[07-Dec-2025 18:40:33 Asia/Kolkata] Draft image not found for deletion: uploads/drafts/chassis_plate_photo_1765020689_82777300.jpg
[07-Dec-2025 18:40:33 Asia/Kolkata] Draft image not found for deletion: uploads/drafts/obd_scan_photo_1765022197_dfdf2e6d.jpg
[07-Dec-2025 18:40:33 Asia/Kolkata] Draft image not found for deletion: uploads/drafts/charger_photo_1765024940_39cce722.jpg
[07-Dec-2025 18:40:33 Asia/Kolkata] Draft image not found for deletion: uploads/drafts/charger_port_photo_1765024947_5fb2e735.jpg
[07-Dec-2025 18:40:33 Asia/Kolkata] Draft image not found for deletion: uploads/drafts/radiator_core_support_image_1765027700_8b393492.jpg
[07-Dec-2025 18:40:33 Asia/Kolkata] Draft image not found for deletion: uploads/drafts/match_chassis_no_plate_image_1765027704_d3585050.jpg
[07-Dec-2025 18:40:33 Asia/Kolkata] Draft image not found for deletion: uploads/drafts/driver_strut_tower_apron_image_1765027715_9234e5ad.jpg
[07-Dec-2025 18:40:33 Asia/Kolkata] Draft image not found for deletion: uploads/drafts/passenger_strut_tower_apron_image_1765027720_1583800a.jpg
[07-Dec-2025 18:40:33 Asia/Kolkata] Draft image not found for deletion: uploads/drafts/driver_side_a_pillar_image_1765027740_0cda7298.jpg
[07-Dec-2025 18:40:33 Asia/Kolkata] Draft image not found for deletion: uploads/drafts/driver_side_b_pillar_image_1765027747_c1567f24.jpg
[07-Dec-2025 18:40:33 Asia/Kolkata] Draft image not found for deletion: uploads/drafts/driver_side_c_pillar_image_1765027753_43f94eb4.jpg
[07-Dec-2025 18:40:33 Asia/Kolkata] Draft image not found for deletion: uploads/drafts/driver_side_d_pillar_image_1765027757_deca7aa5.jpg
[07-Dec-2025 18:40:33 Asia/Kolkata] Draft image not found for deletion: uploads/drafts/driver_side_running_board_image_1765027827_43ed5162.jpg
[07-Dec-2025 18:40:33 Asia/Kolkata] Draft image not found for deletion: uploads/drafts/boot_lock_pillar_image_1765027834_ee816865.jpg
[07-Dec-2025 18:40:33 Asia/Kolkata] Draft image not found for deletion: uploads/drafts/boot_floor_image_1765027852_de4501bf.jpg
[07-Dec-2025 18:40:33 Asia/Kolkata] Draft image not found for deletion: uploads/drafts/passenger_side_b_pillar_image_1765027856_8252c259.jpg
[07-Dec-2025 18:40:33 Asia/Kolkata] Draft image not found for deletion: uploads/drafts/passenger_side_c_pillar_image_1765027860_4ae4eea6.jpg
[07-Dec-2025 18:40:33 Asia/Kolkata] Draft image not found for deletion: uploads/drafts/passenger_side_d_pillar_image_1765027862_84683258.jpg
[07-Dec-2025 18:40:33 Asia/Kolkata] Draft image not found for deletion: uploads/drafts/front_bonnet_underbody_image_1765027899_2cfbef31.jpg
[07-Dec-2025 18:40:33 Asia/Kolkata] Draft image not found for deletion: uploads/drafts/passenger_side_a_pillar_image_1765027905_475bbd18.jpg
[07-Dec-2025 18:40:33 Asia/Kolkata] Draft image not found for deletion: uploads/drafts/passenger_side_running_board_image_1765027909_d5a65e38.jpg
[07-Dec-2025 18:40:33 Asia/Kolkata] Draft image not found for deletion: uploads/drafts/multi_function_display_car_on_1765029541_0981f47c.jpg
[07-Dec-2025 18:40:33 Asia/Kolkata] Draft image not found for deletion: uploads/drafts/multi_function_display_car_start_1765029544_54810387.jpg
[07-Dec-2025 18:40:33 Asia/Kolkata] Draft image not found for deletion: uploads/drafts/car_roof_from_inside_image_1765029551_927d3cdc.jpg
[07-Dec-2025 18:40:33 Asia/Kolkata] Draft image not found for deletion: uploads/drafts/ac_image_1765029769_a7cfec19.jpg
[07-Dec-2025 18:40:33 Asia/Kolkata] Draft image not found for deletion: uploads/drafts/driver_front_tyre_tread_depth_1765029905_966ab150.jpg
[07-Dec-2025 18:40:33 Asia/Kolkata] Draft image not found for deletion: uploads/drafts/driver_back_tyre_tread_depth_1765029912_35ad49b5.jpg
[07-Dec-2025 18:40:33 Asia/Kolkata] Draft image not found for deletion: uploads/drafts/passenger_back_tyre_tread_depth_1765029925_923a9c3d.jpg
[07-Dec-2025 18:40:33 Asia/Kolkata] Draft image not found for deletion: uploads/drafts/passenger_front_tyre_tread_depth_1765029931_226cd728.jpg
[07-Dec-2025 18:40:33 Asia/Kolkata] Draft image not found for deletion: uploads/drafts/stepney_tyre_tread_depth_1765029938_c3c1927e.jpg
[07-Dec-2025 18:40:33 Asia/Kolkata] Draft image not found for deletion: uploads/drafts/front_bumper_image_1765037582_f2b9b854.jpg
[07-Dec-2025 18:40:33 Asia/Kolkata] Draft image not found for deletion: uploads/drafts/passenger_back_mud_flap_image_1765037589_9a7a66e3.jpg
[07-Dec-2025 18:40:33 Asia/Kolkata] Draft image not found for deletion: uploads/drafts/passenger_roof_rail_image_1765037609_5382310b.jpg
[07-Dec-2025 18:40:33 Asia/Kolkata] Draft image not found for deletion: uploads/drafts/passenger_front_wheel_arch_image_1765037615_5eb7fdcd.jpg
[07-Dec-2025 18:40:33 Asia/Kolkata] Draft image not found for deletion: uploads/drafts/passenger_front_mud_flap_image_1765037619_3717a6bd.jpg
[07-Dec-2025 18:40:33 Asia/Kolkata] Draft image not found for deletion: uploads/drafts/passenger_front_cladding_image_1765037624_d3a32931.jpg
[07-Dec-2025 18:40:33 Asia/Kolkata] Draft image not found for deletion: uploads/drafts/passenger_rear_cladding_image_1765037637_1f11a8ed.jpg
[07-Dec-2025 18:40:33 Asia/Kolkata] Draft image not found for deletion: uploads/drafts/passenger_rear_wheel_arch_image_1765037642_7f0dd5e1.jpg
[07-Dec-2025 18:40:33 Asia/Kolkata] Draft image not found for deletion: uploads/drafts/driver_side_front_rail_image_1765038462_3bb6f215.jpg
[07-Dec-2025 18:40:33 Asia/Kolkata] Draft image not found for deletion: uploads/drafts/rear_sub_frame_z_axle_image_1765038813_910c838d.jpg
[07-Dec-2025 18:40:33 Asia/Kolkata] Draft image not found for deletion: uploads/drafts/passenger_side_front_rail_image_1765038826_97e12f70.jpg
[07-Dec-2025 18:40:33 Asia/Kolkata] Draft image not found for deletion: uploads/drafts/underbody_left_1765112335_e1d01a34.jpg
[07-Dec-2025 18:40:33 Asia/Kolkata] Draft image not found for deletion: uploads/drafts/underbody_rear_1765112342_b8959492.jpg
[07-Dec-2025 18:40:33 Asia/Kolkata] Draft image not found for deletion: uploads/drafts/underbody_front_1765112346_c1c33ac5.jpg
[07-Dec-2025 18:40:33 Asia/Kolkata] Draft image not found for deletion: uploads/drafts/underbody_right_1765112350_c7c675eb.jpg
[07-Dec-2025 18:40:33 Asia/Kolkata] Draft image not found for deletion: uploads/drafts/tool_kit_image_1765112928_4f281293.jpg
[07-Dec-2025 18:40:33 Asia/Kolkata] Draft image not found for deletion: uploads/drafts/payment_proof_1765112961_b8c40c3f.jpg
[07-Dec-2025 18:40:33 Asia/Kolkata] Deleted draft file: D:\SEMESTER - VII\pdiEV\uploads\drafts\draft_69330a2b59e632.26737686.json
[07-Dec-2025 18:40:33 Asia/Kolkata] Draft discarded: draft_69330a2b59e632.26737686 - Deleted 0 images and 1 files
